CONTAINER ID        IMAGE                                                     COMMAND                  CREATED             STATUS              PORTS               NAMES
828ca150b100        artifactory.six-group.net/demisto/python3:3.10.11.54132   "python /tmp/pyrun..."   18 seconds ago      Up 5 seconds                            demistoserver_pyexec-d1729a90-f862-4b8b-8ad3-b5725f4c88d5-artifactory.six-group.netdemistopython33.10.11.54132-acc_SIX-VulnMgt-2118
9195d9641011        artifactory.six-group.net/demisto/python3:3.10.11.54132   "python /tmp/pyrun..."   18 seconds ago      Up 5 seconds                            demistoserver_pyexec-e2b3b710-9c36-4d33-8a6a-8877e9575ca8-artifactory.six-group.netdemistopython33.10.11.54132-acc_SIX-VulnMgt-2119
0b4e3f386976        artifactory.six-group.net/demisto/python3:3.10.11.54132   "python /tmp/pyrun..."   18 seconds ago      Up 5 seconds                            demistoserver_pyexec-62df5d15-5103-4c08-8f5c-d6738ca32c38-artifactory.six-group.netdemistopython33.10.11.54132-acc_SIX-VulnMgt-2117
37c2ef0b9169        artifactory.six-group.net/demisto/python3:3.10.11.54132   "python /tmp/pyrun..."   18 seconds ago      Up 5 seconds                            demistoserver_pyexec-bd2c0236-6fc7-4c45-8040-1cd84d34bc7d-artifactory.six-group.netdemistopython33.10.11.54132-acc_SIX-VulnMgt-2116
cd309df8ed61        artifactory.six-group.net/demisto/python3:3.10.11.54132   "python /tmp/pyrun..."   18 seconds ago      Up 10 seconds                           demistoserver_pyexec-dfffc46c-e70b-4de8-80dd-3f5b90efa213-artifactory.six-group.netdemistopython33.10.11.54132-acc_SIX-VulnMgt-2109
ff6b3ae3091f        artifactory.six-group.net/demisto/python3:3.10.11.54132   "python /tmp/pyrun..."   18 seconds ago      Up 10 seconds                           demistoserver_pyexec-78a21920-1991-4a9e-8f99-30c13c966d0d-artifactory.six-group.netdemistopython33.10.11.54132-acc_SIX-VulnMgt-2113
b1ea4fd5c2f6        artifactory.six-group.net/demisto/python3:3.10.11.54132   "python /tmp/pyrun..."   18 seconds ago      Up 11 seconds                           demistoserver_pyexec-ce83e0f0-6e41-4105-84b6-bee9a964b816-artifactory.six-group.netdemistopython33.10.11.54132-acc_SIX-VulnMgt-2112
cbd3f05a32ad        artifactory.six-group.net/demisto/python3:3.10.11.54132   "python /tmp/pyrun..."   18 seconds ago      Up 11 seconds                           demistoserver_pyexec-4fb8527e-cc85-4c2f-8849-06bae1f2a61d-artifactory.six-group.netdemistopython33.10.11.54132-acc_SIX-VulnMgt-2111
ceca65f9f090        artifactory.six-group.net/demisto/python3:3.10.11.54132   "python /tmp/pyrun..."   18 seconds ago      Up 13 seconds                           demistoserver_pyexec-4032bb00-71c1-4a00-8176-314009064b52-artifactory.six-group.netdemistopython33.10.11.54132-acc_SIX-VulnMgt-2114
c3318634e140        artifactory.six-group.net/demisto/python3:3.10.11.54132   "python /tmp/pyrun..."   18 seconds ago      Up 13 seconds                           demistoserver_pyexec-cfc30d2f-bb20-4fc3-826d-6357d18b90c9-artifactory.six-group.netdemistopython33.10.11.54132-acc_SIX-VulnMgt-2108
1bd9ec31a772        artifactory.six-group.net/demisto/python3:3.10.11.54132   "python /tmp/pyrun..."   18 seconds ago      Up 15 seconds                           demistoserver_pyexec-3d0d6bcc-0ee2-44ef-87e9-0c199c4ab76d-artifactory.six-group.netdemistopython33.10.11.54132-acc_SIX-VulnMgt-2115
4f12f3ce0bff        artifactory.six-group.net/demisto/python3:3.10.11.54132   "python /tmp/pyrun..."   18 seconds ago      Up 14 seconds                           demistoserver_pyexec-e6c32be0-c16d-40f0-8f0a-8d61ff091292-artifactory.six-group.netdemistopython33.10.11.54132-acc_SIX-VulnMgt-2110
bba917be6dc9        artifactory.six-group.net/demisto/python3:3.10.11.54132   "python /tmp/pyrun..."   20 seconds ago      Up 15 seconds                           demistoserver_pyexec-25a767e1-a1f5-4942-800f-a02a467afb76-artifactory.six-group.netdemistopython33.10.11.54132-acc_SIX-VulnMgt-2107
bf13bcb9e984        artifactory.six-group.net/demisto/python3:3.10.11.54132   "python /tmp/pyrun..."   21 seconds ago      Up 16 seconds                           demistoserver_pyexec-7952b168-d453-4816-83b1-ef9bd90677da-artifactory.six-group.netdemistopython33.10.11.54132-acc_SIX-VulnMgt-2106
02b284063bb5        artifactory.six-group.net/demisto/python3:3.10.11.54132   "python /tmp/pyrun..."   21 seconds ago      Up 16 seconds                           demistoserver_pyexec-00ab62f9-76ff-4be6-89dd-4941de0d6af9-artifactory.six-group.netdemistopython33.10.11.54132-acc_SIX-VulnMgt-2105
3b735c34833f        artifactory.six-group.net/demisto/python3:3.10.11.54132   "python /tmp/pyrun..."   21 seconds ago      Up 17 seconds                           demistoserver_pyexec-a03d92cc-7ead-44e7-8823-2bff7bbdc539-artifactory.six-group.netdemistopython33.10.11.54132-acc_SIX-VulnMgt-2104
88cee102b5fd        artifactory.six-group.net/demisto/python3:3.10.11.54132   "python /tmp/pyrun..."   21 seconds ago      Up 17 seconds                           demistoserver_pyexec-b786000d-a169-4abd-8dc7-880b8e18e0ce-artifactory.six-group.netdemistopython33.10.11.54132-acc_SIX-VulnMgt-2103
98899e4311cb        artifactory.six-group.net/demisto/python3:3.10.11.54132   "python /tmp/pyrun..."   25 seconds ago      Up 21 seconds                           demistoserver_pyexec-8cff0fe6-0a48-4b73-8b8e-9ccdc97d0800-artifactory.six-group.netdemistopython33.10.11.54132-acc_SIX-VulnMgt-2102
4101b60de1f0        artifactory.six-group.net/demisto/python3:3.10.11.54132   "python /tmp/pyrun..."   25 seconds ago      Up 21 seconds                           demistoserver_pyexec-40667584-2c4d-4a51-8c4b-2d242e6c4dd8-artifactory.six-group.netdemistopython33.10.11.54132-acc_SIX-VulnMgt-2101
07f3c3fa901c        artifactory.six-group.net/demisto/python3:3.10.11.54132   "python /tmp/pyrun..."   25 seconds ago      Up 22 seconds                           demistoserver_pyexec-31dea6ff-2e34-4ddc-8a3c-0ed530776f60-artifactory.six-group.netdemistopython33.10.11.54132-acc_SIX-VulnMgt-2100
3b91de797cf8        artifactory.six-group.net/demisto/python3:3.10.11.54132   "python /tmp/pyrun..."   26 seconds ago      Up 23 seconds                           demistoserver_pyexec-079441dc-6f7b-49c4-8a62-e7d69011674f-artifactory.six-group.netdemistopython33.10.11.54132-acc_SIX-VulnMgt-2099
ebd6cb267a50        artifactory.six-group.net/demisto/python3:3.10.11.54132   "python /tmp/pyrun..."   26 seconds ago      Up 24 seconds                           demistoserver_pyexec-661c2617-fa31-434e-8163-4d07e49747cb-artifactory.six-group.netdemistopython33.10.11.54132-acc_SIX-VulnMgt-2098
7782b93e7a78        artifactory.six-group.net/demisto/python3:3.10.11.54132   "python /tmp/pyrun..."   45 seconds ago      Up 37 seconds                           demistoserver_pyexec-4f726c94-e0b8-4b96-85c2-7dfb7c7cb082-artifactory.six-group.netdemistopython33.10.11.54132-acc_SIX-VulnMgt-2097
5309fd68d672        artifactory.six-group.net/demisto/python3:3.10.11.54132   "python /tmp/pyrun..."   45 seconds ago      Up 37 seconds                           demistoserver_pyexec-43001b56-2646-4a0c-8364-874be4307237-artifactory.six-group.netdemistopython33.10.11.54132-acc_SIX-VulnMgt-2096
8965bf8e951b        artifactory.six-group.net/demisto/python3:3.10.11.54132   "python /tmp/pyrun..."   46 seconds ago      Up 39 seconds                           demistoserver_pyexec-666b93b0-7c4e-41ab-8f26-49c09bffb308-artifactory.six-group.netdemistopython33.10.11.54132-acc_SIX-VulnMgt-2095
9661c370e842        artifactory.six-group.net/demisto/python3:3.10.11.54132   "python /tmp/pyrun..."   47 seconds ago      Up 40 seconds                           demistoserver_pyexec-723fa969-c50f-4610-8a6f-7e3c9d863a09-artifactory.six-group.netdemistopython33.10.11.54132-acc_SIX-VulnMgt-2094
9bc40ee30be7        artifactory.six-group.net/demisto/python3:3.10.11.54132   "python /tmp/pyrun..."   48 seconds ago      Up 42 seconds                           demistoserver_pyexec-23afa642-7a9a-4bc7-84d0-08a75e6da4c9-artifactory.six-group.netdemistopython33.10.11.54132-acc_SIX-VulnMgt-2093
e52b5be22d17        artifactory.six-group.net/demisto/python3:3.10.11.54132   "python /tmp/pyrun..."   48 seconds ago      Up 42 seconds                           demistoserver_pyexec-87431305-746c-4c97-8ced-3735fa089a9c-artifactory.six-group.netdemistopython33.10.11.54132-acc_SIX-VulnMgt-2092
f26ebce0361c        artifactory.six-group.net/demisto/python3:3.10.11.54132   "python /tmp/pyrun..."   48 seconds ago      Up 44 seconds                           demistoserver_pyexec-428b84d3-252e-438e-8bba-aa985d5204bc-artifactory.six-group.netdemistopython33.10.11.54132-acc_SIX-VulnMgt-2091
9aeeef52ba03        artifactory.six-group.net/demisto/python3:3.10.11.54132   "python /tmp/pyrun..."   48 seconds ago      Up 44 seconds                           demistoserver_pyexec-01194488-8f36-4cfe-8cf5-9a6bc212b506-artifactory.six-group.netdemistopython33.10.11.54132-acc_SIX-VulnMgt-2089
3a2aaedc38d3        artifactory.six-group.net/demisto/python3:3.10.11.54132   "python /tmp/pyrun..."   48 seconds ago      Up 44 seconds                           demistoserver_pyexec-dc8e7eb5-8475-4801-8a16-e4c0cb6a67cf-artifactory.six-group.netdemistopython33.10.11.54132-acc_SIX-VulnMgt-2090
96edf2326297        artifactory.six-group.net/demisto/python3:3.10.11.54132   "python /tmp/pyrun..."   48 seconds ago      Up 45 seconds                           demistoserver_pyexec-2fa56511-f550-440d-85b5-e7e9e2eb18c0-artifactory.six-group.netdemistopython33.10.11.54132-acc_SIX-VulnMgt-2088
69f4a058b669        artifactory.six-group.net/demisto/python3:3.10.11.54132   "python /tmp/pyrun..."   48 seconds ago      Up 46 seconds                           demistoserver_pyexec-dd96dcf4-ab10-47df-8551-ed234ddea16d-artifactory.six-group.netdemistopython33.10.11.54132-acc_SIX-VulnMgt-2087
18696edaaad1        demisto/python3:3.9.8.24399                               "python /tmp/pyrun..."   2 minutes ago       Up 2 minutes                            demistoserver_pyexec-1816985c-14ac-4c56-82c1-df1c507f5e81-demistopython33.9.8.24399-acc_SIX-VulnMgt-2076
5724bb7f78db        demisto/python3:3.9.8.24399                               "python /tmp/pyrun..."   2 minutes ago       Up 2 minutes                            demistoserver_pyexec-508426e1-afa0-4920-8515-cd6d11a5c6a2-demistopython33.9.8.24399-acc_SIX-VulnMgt-2075
3a712a4c621b        demisto/python3:3.9.8.24399                               "python /tmp/pyrun..."   2 minutes ago       Up 2 minutes                            demistoserver_pyexec-ba210d6d-1a6c-449c-8e58-7adeabf55688-demistopython33.9.8.24399-acc_SIX-VulnMgt-2073
8e21383ba499        demisto/python3:3.9.8.24399                               "python /tmp/pyrun..."   2 minutes ago       Up 2 minutes                            demistoserver_pyexec-f0c01a38-fecf-448d-8ae5-8fb8afd75f67-demistopython33.9.8.24399-acc_SIX-VulnMgt-2074
49d487790b76        demisto/python3:3.9.8.24399                               "python /tmp/pyrun..."   2 minutes ago       Up 2 minutes                            demistoserver_pyexec-6b9ecacb-0626-40cc-8bd7-d263c301c76b-demistopython33.9.8.24399-acc_SIX-VulnMgt-2069
84c7ae6302c1        demisto/python3:3.9.8.24399                               "python /tmp/pyrun..."   2 minutes ago       Up 2 minutes                            demistoserver_pyexec-b25102f8-fe09-46e2-8c8f-8f2831ad3b9c-demistopython33.9.8.24399-acc_SIX-VulnMgt-2068
c4a0dc565569        demisto/python3:3.9.8.24399                               "python /tmp/pyrun..."   2 minutes ago       Up 2 minutes                            demistoserver_pyexec-4250cc66-73ee-4a09-835c-de2ea7f16dd6-demistopython33.9.8.24399-acc_SIX-VulnMgt-2067
59d275723e72        demisto/python3:3.9.8.24399                               "python /tmp/pyrun..."   2 minutes ago       Up 2 minutes                            demistoserver_pyexec-353f6e62-ec9d-4118-8224-4832b9256a1b-demistopython33.9.8.24399-acc_SIX-VulnMgt-2066
282ea9f4a5f2        demisto/python3:3.9.8.24399                               "python /tmp/pyrun..."   2 minutes ago       Up 2 minutes                            demistoserver_pyexec-44cc397e-430d-4cc6-82ad-2907b3283c80-demistopython33.9.8.24399-acc_SIX-VulnMgt-2065
79880bb46665        demisto/python3:3.9.8.24399                               "python /tmp/pyrun..."   2 minutes ago       Up 2 minutes                            demistoserver_pyexec-238c8663-cc2d-4cdf-86ff-cfdb87ca7a4f-demistopython33.9.8.24399-acc_SIX-VulnMgt-2064
0e3ce445fa1a        demisto/python3:3.9.8.24399                               "python /tmp/pyrun..."   2 minutes ago       Up 2 minutes                            demistoserver_pyexec-ae0112d8-8fcb-45a7-8500-2f673b75a10a-demistopython33.9.8.24399-acc_SIX-VulnMgt-2063
955eb71b0d74        demisto/python3:3.9.8.24399                               "python /tmp/pyrun..."   2 minutes ago       Up 2 minutes                            demistoserver_pyexec-8876c0a0-3efe-4ea7-8e6a-402d0f0cce89-demistopython33.9.8.24399-acc_SIX-VulnMgt-2062
ea8d7d16bbaa        demisto/python3:3.9.8.24399                               "python /tmp/pyrun..."   2 minutes ago       Up 2 minutes                            demistoserver_pyexec-e97f295e-d4b6-4a8e-88a4-e753fcbb6986-demistopython33.9.8.24399-acc_SIX-VulnMgt-2060
fce460e51996        demisto/python3:3.9.8.24399                               "python /tmp/pyrun..."   2 minutes ago       Up 2 minutes                            demistoserver_pyexec-6cf6cf2e-71a1-469e-819a-cd0a8459148b-demistopython33.9.8.24399-acc_SIX-VulnMgt-2059
4f7165768ba7        demisto/python3:3.9.8.24399                               "python /tmp/pyrun..."   2 minutes ago       Up 2 minutes                            demistoserver_pyexec-51b68b03-a0ee-42ca-8af7-acbe5e1936eb-demistopython33.9.8.24399-acc_SIX-VulnMgt-2061
b06e7fcae654        demisto/python3:3.9.8.24399                               "python /tmp/pyrun..."   2 minutes ago       Up 2 minutes                            demistoserver_pyexec-95f189db-917f-4e72-8daf-98c4be9e433f-demistopython33.9.8.24399-acc_SIX-VulnMgt-2058
68cab9c9828b        demisto/python3:3.9.8.24399                               "python /tmp/pyrun..."   2 minutes ago       Up 2 minutes                            demistoserver_pyexec-ebced8b4-b8f5-4e15-86b6-2411cdfa75c3-demistopython33.9.8.24399-acc_SIX-VulnMgt-2057
5c15ff4d4537        demisto/python3:3.9.8.24399                               "python /tmp/pyrun..."   2 minutes ago       Up 2 minutes                            demistoserver_pyexec-9d146eb2-e4b6-488a-8d4d-a87196fac4f9-demistopython33.9.8.24399-acc_SIX-VulnMgt-2056
262804768c07        demisto/python3:3.9.8.24399                               "python /tmp/pyrun..."   2 minutes ago       Up 2 minutes                            demistoserver_pyexec-0728ae9b-87f7-4ca5-8846-75440b8a6e53-demistopython33.9.8.24399-acc_SIX-VulnMgt-2055
0a599840cc18        demisto/python3:3.9.8.24399                               "python /tmp/pyrun..."   2 minutes ago       Up 2 minutes                            demistoserver_pyexec-a191fdb1-0e9c-49e7-87ee-4886fd17e1be-demistopython33.9.8.24399-acc_SIX-VulnMgt-2052
ea1cbe3d2f1d        demisto/python3:3.9.8.24399                               "python /tmp/pyrun..."   2 minutes ago       Up 2 minutes                            demistoserver_pyexec-4a74358d-49e8-45bf-891f-986e74e6c7e0-demistopython33.9.8.24399-acc_SIX-VulnMgt-2054
94c9dfc25e24        demisto/python3:3.9.8.24399                               "python /tmp/pyrun..."   2 minutes ago       Up 2 minutes                            demistoserver_pyexec-c4ac19af-3d7b-43d1-8aea-3bf58e8e727b-demistopython33.9.8.24399-acc_SIX-VulnMgt-2048
bb4dd07a4193        demisto/python3:3.9.8.24399                               "python /tmp/pyrun..."   2 minutes ago       Up 2 minutes                            demistoserver_pyexec-1eaf53f4-ee69-4e38-8d98-eabe2bbb0950-demistopython33.9.8.24399-acc_SIX-VulnMgt-2049
45a28530ab29        demisto/python3:3.9.8.24399                               "python /tmp/pyrun..."   2 minutes ago       Up 2 minutes                            demistoserver_pyexec-7cd05f82-fc68-46ba-86f4-3a31192fb583-demistopython33.9.8.24399-acc_SIX-VulnMgt-2050
8a528d64039b        demisto/python3:3.9.8.24399                               "python /tmp/pyrun..."   2 minutes ago       Up 2 minutes                            demistoserver_pyexec-ead46d0d-dd2c-4b41-8a52-8ae7071f7dfa-demistopython33.9.8.24399-acc_SIX-VulnMgt-2053
df2ce5c8ec86        demisto/python3:3.9.8.24399                               "python /tmp/pyrun..."   2 minutes ago       Up 2 minutes                            demistoserver_pyexec-e0c4cb9f-5ca5-44c4-884f-2e9705bd87c0-demistopython33.9.8.24399-acc_SIX-VulnMgt-2051
e69e85952898        demisto/python3:3.9.8.24399                               "python /tmp/pyrun..."   2 minutes ago       Up 2 minutes                            demistoserver_pyexec-747a8f67-edfa-4f3f-8c7d-c1c613aeba00-demistopython33.9.8.24399-acc_SIX-VulnMgt-2047
c4f4eacc49d5        demisto/python3:3.9.8.24399                               "python /tmp/pyrun..."   2 minutes ago       Up 2 minutes                            demistoserver_pyexec-d073a629-985d-4d4c-8e44-9d208f9bad7f-demistopython33.9.8.24399-acc_SIX-VulnMgt-2046
d361771bee41        demisto/python3:3.9.8.24399                               "python /tmp/pyrun..."   2 minutes ago       Up 2 minutes                            demistoserver_pyexec-235be7be-0db1-4da7-8ab3-497231af74d1-demistopython33.9.8.24399-acc_SIX-VulnMgt-2045
1b3e65f88064        demisto/oauthlib:1.0.0.7727                               "python /tmp/pyrun..."   3 minutes ago       Up 3 minutes                            demistoserver_pyexec-1ad38ce0-63ad-4648-8f99-0ae40b05e72b-demistooauthlib1.0.0.7727-acc_SIX-VulnMgt-2044
5383bd6b3502        demisto/oauthlib:1.0.0.7727                               "python /tmp/pyrun..."   3 minutes ago       Up 3 minutes                            demistoserver_pyexec-5de2881b-6b40-4690-8d57-3487334bd024-demistooauthlib1.0.0.7727-acc_SIX-VulnMgt-2043
1c117dab6e19        demisto/oauthlib:1.0.0.7727                               "python /tmp/pyrun..."   3 minutes ago       Up 3 minutes                            demistoserver_pyexec-48aeb17d-96e8-4f4b-81cb-ba1400ae603c-demistooauthlib1.0.0.7727-acc_SIX-VulnMgt-2042
d36658f46e59        demisto/oauthlib:1.0.0.7727                               "python /tmp/pyrun..."   3 minutes ago       Up 3 minutes                            demistoserver_pyexec-9aa8025a-06f6-4bc3-8ff2-c6362dd71bc1-demistooauthlib1.0.0.7727-acc_SIX-VulnMgt-2041
480dba52a071        demisto/oauthlib:1.0.0.7727                               "python /tmp/pyrun..."   3 minutes ago       Up 3 minutes                            demistoserver_pyexec-73a6735b-005b-47b7-87e7-9a1cfabeb36a-demistooauthlib1.0.0.7727-acc_SIX-VulnMgt-2040
4aaf16300af6        demisto/oauthlib:1.0.0.7727                               "python /tmp/pyrun..."   3 minutes ago       Up 3 minutes                            demistoserver_pyexec-7760671f-48e1-463a-8ef6-f55aa3ae8bca-demistooauthlib1.0.0.7727-acc_SIX-VulnMgt-2039
81023a07cc09        demisto/oauthlib:1.0.0.7727                               "python /tmp/pyrun..."   3 minutes ago       Up 3 minutes                            demistoserver_pyexec-ea1bf337-89f6-47b6-8da6-5e088243360d-demistooauthlib1.0.0.7727-acc_SIX-VulnMgt-2038
a35f474ec248        demisto/oauthlib:1.0.0.7727                               "python /tmp/pyrun..."   3 minutes ago       Up 3 minutes                            demistoserver_pyexec-fb698e6e-672b-4c94-869d-ed30ae12df53-demistooauthlib1.0.0.7727-acc_SIX-VulnMgt-2037
90fcb1ca10aa        demisto/python3:3.9.2.17246                               "python /tmp/pyrun..."   15 minutes ago      Up 15 minutes                           demistoserver_pyexec-874a4520-1126-498b-8624-8f9057289341-demistopython33.9.2.17246-acc_SIX-VulnMgt-2036
6cb437190ce4        demisto/python3:3.10.8.37233                              "python /tmp/pyrun..."   18 minutes ago      Up 17 minutes                           demistoserver_pyexec-be7d5478-147b-44e6-81d3-a8755a692b1a-demistopython33.10.8.37233-acc_SIX-VulnMgt-1941
7cdd07cde170        demisto/python3:3.10.8.37233                              "python /tmp/pyrun..."   18 minutes ago      Up 17 minutes                           demistoserver_pyexec-89933953-1258-499f-8e92-d2a03845d707-demistopython33.10.8.37233-acc_SIX-VulnMgt-1940
229bc63f9f62        demisto/python3:3.10.8.37233                              "python /tmp/pyrun..."   18 minutes ago      Up 17 minutes                           demistoserver_pyexec-afe2434d-d5e9-4193-8cc9-eddbb5bdd3ac-demistopython33.10.8.37233-acc_SIX-VulnMgt-1939
0b0118d0cc85        demisto/python3:3.10.8.37233                              "python /tmp/pyrun..."   18 minutes ago      Up 17 minutes                           demistoserver_pyexec-04a189ff-7b6f-41d8-8b64-d9b2c85f67e7-demistopython33.10.8.37233-acc_SIX-VulnMgt-1936
300d17494c73        demisto/python3:3.10.8.37233                              "python /tmp/pyrun..."   18 minutes ago      Up 17 minutes                           demistoserver_pyexec-4e5b3cff-d898-4f06-8321-f1545963a56c-demistopython33.10.8.37233-acc_SIX-VulnMgt-1934
b8a5ef17bc7a        demisto/python3:3.10.8.37233                              "python /tmp/pyrun..."   18 minutes ago      Up 17 minutes                           demistoserver_pyexec-ddfff33f-4578-4e2e-8d68-1cf667935c2b-demistopython33.10.8.37233-acc_SIX-VulnMgt-1938
d2e645fb1083        demisto/python3:3.10.8.37233                              "python /tmp/pyrun..."   18 minutes ago      Up 17 minutes                           demistoserver_pyexec-8a123da1-8312-46ce-853f-203393fb2a18-demistopython33.10.8.37233-acc_SIX-VulnMgt-1935
1aaff656a840        demisto/python3:3.10.8.37233                              "python /tmp/pyrun..."   18 minutes ago      Up 17 minutes                           demistoserver_pyexec-503648bc-3d91-4d36-81e4-719335b3c3fa-demistopython33.10.8.37233-acc_SIX-VulnMgt-1937
d82fef435609        artifactory.six-group.net/demisto/python3:3.10.11.54132   "python /tmp/pyrun..."   21 minutes ago      Up 21 minutes                           demistoserver_pyexec-3c391c44-fc1f-4560-8b71-ec6c7777709e-artifactory.six-group.netdemistopython33.10.11.54132-acc_SIX-VulnMgt-1779
cb671581d5f8        artifactory.six-group.net/demisto/python3:3.10.11.54132   "python /tmp/pyrun..."   21 minutes ago      Up 21 minutes                           demistoserver_pyexec-b06dadf6-0490-4acc-8b3c-fc888212dde4-artifactory.six-group.netdemistopython33.10.11.54132-acc_SIX-VulnMgt-1778
1e2d4d4dfcb2        artifactory.six-group.net/demisto/python3:3.10.11.54132   "python /tmp/pyrun..."   21 minutes ago      Up 21 minutes                           demistoserver_pyexec-74485940-ffc8-4588-855c-04446e47e5f0-artifactory.six-group.netdemistopython33.10.11.54132-acc_SIX-VulnMgt-1777
68eecd48ddfc        artifactory.six-group.net/demisto/python3:3.10.11.54132   "python /tmp/pyrun..."   21 minutes ago      Up 21 minutes                           demistoserver_pyexec-5993672c-ed54-428b-819a-ca6d91641722-artifactory.six-group.netdemistopython33.10.11.54132-acc_SIX-VulnMgt-1776
5b8998e3f96d        artifactory.six-group.net/demisto/python3:3.10.11.54132   "python /tmp/pyrun..."   21 minutes ago      Up 21 minutes                           demistoserver_pyexec-477aef8e-8501-4f3b-8432-fc3d022bc401-artifactory.six-group.netdemistopython33.10.11.54132-acc_SIX-VulnMgt-1775
f2b89a7de39d        artifactory.six-group.net/demisto/python3:3.10.11.54132   "python /tmp/pyrun..."   21 minutes ago      Up 21 minutes                           demistoserver_pyexec-5037df4b-5667-4c6c-8c17-98b409a985aa-artifactory.six-group.netdemistopython33.10.11.54132-acc_SIX-VulnMgt-1774
b7d09029e850        artifactory.six-group.net/demisto/python3:3.10.11.54132   "python /tmp/pyrun..."   21 minutes ago      Up 21 minutes                           demistoserver_pyexec-c266ce95-4a63-48c7-8bff-601a3f4f50b7-artifactory.six-group.netdemistopython33.10.11.54132-acc_SIX-VulnMgt-1773
616a1ca5f436        artifactory.six-group.net/demisto/python3:3.10.11.54132   "python /tmp/pyrun..."   21 minutes ago      Up 21 minutes                           demistoserver_pyexec-ec160947-e4f2-4478-8cd2-2b5c60ee9fd7-artifactory.six-group.netdemistopython33.10.11.54132-acc_SIX-VulnMgt-1772
b009f0d6320a        demisto/oauthlib:1.0.0.7727                               "python /tmp/pyrun..."   30 minutes ago      Up 30 minutes                           demistoserver_pyexec-6a60f081-dac7-4b51-8e3e-83631dd5ca82-demistooauthlib1.0.0.7727-acc_SIX-VulnMgt-1743
ee9eebb30285        demisto/oauthlib:1.0.0.7727                               "python /tmp/pyrun..."   50 minutes ago      Up 50 minutes                           demistoserver_pyexec-7ab46326-297e-4985-8dbf-f71130c4788b-demistooauthlib1.0.0.7727-acc_SIX-VulnMgt-1742
20aecbc7aad7        demisto/oauthlib:1.0.0.7727                               "python /tmp/pyrun..."   50 minutes ago      Up 50 minutes                           demistoserver_pyexec-459a185d-b839-4a76-8afa-7826d6c389ed-demistooauthlib1.0.0.7727-acc_SIX-VulnMgt-1741
c1e8d61d80a8        demisto/oauthlib:1.0.0.7727                               "python /tmp/pyrun..."   50 minutes ago      Up 50 minutes                           demistoserver_pyexec-3171d787-1e65-44e1-8cb0-666799807092-demistooauthlib1.0.0.7727-acc_SIX-VulnMgt-1740
7b85929330ca        demisto/oauthlib:1.0.0.7727                               "python /tmp/pyrun..."   50 minutes ago      Up 50 minutes                           demistoserver_pyexec-33abbd05-74cd-4547-8d22-03f9c549bc65-demistooauthlib1.0.0.7727-acc_SIX-VulnMgt-1739
ac928f3db7ba        demisto/oauthlib:1.0.0.7727                               "python /tmp/pyrun..."   50 minutes ago      Up 50 minutes                           demistoserver_pyexec-d53f24af-ad0d-47dc-854b-c6cc78d3e892-demistooauthlib1.0.0.7727-acc_SIX-VulnMgt-1738
fb17c602a0f5        demisto/python:2.7.18.49010                               "python /tmp/pyrun..."   4 hours ago         Up 4 hours                              demistoserver_pyexec-a0a11e39-68b2-48f9-8032-bffc1871aa07-demistopython2.7.18.49010-acc_SIX-VulnMgt-1725
ba2a74567c23        demisto/python3:3.10.11.61265                             "python /tmp/pyrun..."   6 hours ago         Up 6 hours                              demistoserver_pyexec-abc910ae-5d9a-4509-828c-d04cc0da039c-demistopython33.10.11.61265-acc_SIX-VulnMgt-1712
1ae46e12a3b4        artifactory.six-group.net/demisto/python3:3.9.4.18682     "python /tmp/pyrun..."   9 hours ago         Up 9 hours                              demistoserver_pyexec-b3b076ce-cfe6-4c99-8e5c-9d2752e4a794-artifactory.six-group.netdemistopython33.9.4.18682-acc_SIX-VulnMgt-1709
c9d129a0f301        artifactory.six-group.net/demisto/python3:3.9.4.18682     "python /tmp/pyrun..."   9 hours ago         Up 9 hours                              demistoserver_pyexec-55e42ae3-077b-44dd-8d9e-9d8b85c9e1d1-artifactory.six-group.netdemistopython33.9.4.18682-acc_SIX-VulnMgt-1710
12e2ffc2d805        artifactory.six-group.net/demisto/python3:3.9.4.18682     "python /tmp/pyrun..."   9 hours ago         Up 9 hours                              demistoserver_pyexec-91e82fcd-2d38-4ce7-883f-371bfd53f820-artifactory.six-group.netdemistopython33.9.4.18682-acc_SIX-VulnMgt-1711
7086eac3b5e5        six-nessus-file-reader:latest                             "python /tmp/pyrun..."   10 hours ago        Up 10 hours                             demistoserver_pyexec-391effed-bbba-422c-8d37-af038b8fbf9e-six-nessus-file-readerlatest-acc_SIX-VulnMgt-1708
c9cbe642be83        six-nessus-file-reader:latest                             "python /tmp/pyrun..."   10 hours ago        Up 10 hours                             demistoserver_pyexec-d262e4bb-6eee-466c-8da4-e0ea27bd9d57-six-nessus-file-readerlatest-acc_SIX-VulnMgt-1707
28a810922298        artifactory.six-group.net/demisto/python3:3.9.4.18682     "python /tmp/pyrun..."   10 hours ago        Up 10 hours                             demistoserver_pyexec-6778df18-b75e-4a73-804d-495077b12d3f-artifactory.six-group.netdemistopython33.9.4.18682-acc_SIX-VulnMgt-1706
9623f102c836        demisto/python3:3.8.6.12176                               "python /tmp/pyrun..."   11 hours ago        Up 11 hours                             demistoserver_pyexec-04df5d53-c548-4c07-8121-f8339421ee7c-demistopython33.8.6.12176-acc_SIX-VulnMgt-1705
9a2601506d7c        artifactory.six-group.net/demisto/python3:3.10.9.42476    "python /tmp/pyrun..."   11 hours ago        Up 11 hours                             demistoserver_pyexec-113d1af4-a1bf-453e-8f68-70c9f8812d15-artifactory.six-group.netdemistopython33.10.9.42476-acc_SIX-VulnMgt-1704
f5206ab48a38        demisto/python3:3.8.6.13358                               "python /tmp/pyrun..."   11 hours ago        Up 11 hours                             demistoserver_pyexec-cd2bdee9-e34b-4f5c-816f-79b341e96519-demistopython33.8.6.13358-acc_SIX-VulnMgt-1703
ca4f23e9ee75        demisto/oauthlib:1.0.0.7727                               "python /tmp/pyrun..."   13 hours ago        Up 13 hours                             demistoserver_pyexec-00c0838c-27db-4fe2-870e-e45b5ee4f052-demistooauthlib1.0.0.7727-acc_SIX-VulnMgt-1702
cc850b05191d        demisto/python3:3.9.8.24399                               "python /tmp/pyrun..."   13 hours ago        Up 13 hours                             demistoserver_pyexec-258b5ead-cefe-4003-8f2f-570ee9371db2-demistopython33.9.8.24399-acc_SIX-VulnMgt-1698
a21ca3959eef        demisto/python3:3.9.8.24399                               "python /tmp/pyrun..."   13 hours ago        Up 13 hours                             demistoserver_pyexec-21038cda-238b-485f-878c-77686c810372-demistopython33.9.8.24399-acc_SIX-VulnMgt-1699
3a6b5b9b041d        demisto/python3:3.9.8.24399                               "python /tmp/pyrun..."   13 hours ago        Up 13 hours                             demistoserver_pyexec-76db84e7-c3b9-491d-8682-7928d7e6d98a-demistopython33.9.8.24399-acc_SIX-VulnMgt-1697
c264332b3f53        demisto/python3:3.9.8.24399                               "python /tmp/pyrun..."   13 hours ago        Up 13 hours                             demistoserver_pyexec-554ad91d-360f-4348-8a8b-b09ec95b6072-demistopython33.9.8.24399-acc_SIX-VulnMgt-1696
d121ba3146bc        demisto/python3:3.9.8.24399                               "python /tmp/pyrun..."   13 hours ago        Up 13 hours                             demistoserver_pyexec-a5ea6433-064a-4e36-8cc4-44ac5d0574d8-demistopython33.9.8.24399-acc_SIX-VulnMgt-1695
581f2eea4dc7        demisto/python3:3.9.8.24399                               "python /tmp/pyrun..."   13 hours ago        Up 13 hours                             demistoserver_pyexec-29375d0d-cb9b-43ff-8975-9448bdce746a-demistopython33.9.8.24399-acc_SIX-VulnMgt-1694
89ed8cdedb30        demisto/oauthlib:1.0.0.7727                               "python /tmp/pyrun..."   13 hours ago        Up 13 hours                             demistoserver_pyexec-0a2f68b7-dfac-4e28-8e8b-d7030bd056a9-demistooauthlib1.0.0.7727-acc_SIX-VulnMgt-1693
5b812abf0f49        demisto/python3:3.9.8.24399                               "python /tmp/pyrun..."   13 hours ago        Up 13 hours                             demistoserver_pyexec-8faa6da1-dcd7-4e0e-883f-299bac722384-demistopython33.9.8.24399-acc_SIX-VulnMgt-1691
b4e61dc72b30        demisto/python3:3.9.8.24399                               "python /tmp/pyrun..."   13 hours ago        Up 13 hours                             demistoserver_pyexec-8092e8ad-53d4-43a2-8058-0bcbee870b67-demistopython33.9.8.24399-acc_SIX-VulnMgt-1692
b53078cb932e        demisto/btfl-soup:1.0.1.6233                              "python /tmp/pyrun..."   13 hours ago        Up 13 hours                             demistoserver_pyexec-fb40dd03-c498-4445-8882-e4384d43adf8-demistobtfl-soup1.0.1.6233-acc_SIX-VulnMgt-1689
4fb1bccaedcd        demisto/btfl-soup:1.0.1.6233                              "python /tmp/pyrun..."   13 hours ago        Up 13 hours                             demistoserver_pyexec-e4e7e0ac-4147-4b3c-85fb-e989f69e3af6-demistobtfl-soup1.0.1.6233-acc_SIX-VulnMgt-1622
4953fbccbf2b        demisto/python3:3.9.4.18682                               "python /tmp/pyrun..."   13 hours ago        Up 13 hours                             demistoserver_pyexec-823c2ecf-2af5-4af5-860f-a488fe3f1243-demistopython33.9.4.18682-acc_SIX-VulnMgt-1621
b448916f3bfa        demisto/python3:3.7.4.2245                                "python /tmp/pyrun..."   13 hours ago        Up 13 hours                             demistoserver_pyexec-7e90a4b1-aff7-4c75-8541-e148b22a97d5-demistopython33.7.4.2245-acc_SIX-VulnMgt-1620
35051f18d469        demisto/python3:3.10.9.40422                              "python /tmp/pyrun..."   13 hours ago        Up 13 hours                             demistoserver_pyexec-2b044eed-4d94-4f1b-80fc-ee17108521b5-demistopython33.10.9.40422-acc_SIX-VulnMgt-1619
b723908e372b        demisto/crypto:1.0.0.11650                                "python /tmp/pyrun..."   14 hours ago        Up 14 hours                             demistoserver_pyexec-5c99aa92-f639-44fc-882b-836a357e6400-demistocrypto1.0.0.11650-acc_SIX-VulnMgt-1618
777854ef93bf        demisto/python3:3.9.7.24076                               "python /tmp/pyrun..."   14 hours ago        Up 14 hours                             demistoserver_pyexec-31b790af-7b95-40b7-89a6-ae0407210b7b-demistopython33.9.7.24076-acc_SIX-VulnMgt-1617
a4e6a8b6cd23        demisto/crypto:1.0.0.14297                                "python /tmp/pyrun..."   15 hours ago        Up 15 hours                             demistoserver_pyexec-91864379-2b26-468d-8c3d-d602cdf49443-demistocrypto1.0.0.14297-acc_SIX-VulnMgt-1616
eea76fa4e73c        demisto/python3:3.10.4.29342                              "python /tmp/pyrun..."   15 hours ago        Up 15 hours                             demistoserver_pyexec-3424d00d-d882-45d5-803e-438723f331d3-demistopython33.10.4.29342-acc_SIX-VulnMgt-1615
71f724493253        demisto/python3:3.9.2.17246                               "python /tmp/pyrun..."   18 hours ago        Up 18 hours                             demistoserver_pyexec-964b3721-1b25-4d4c-8755-79900d0f6c3f-demistopython33.9.2.17246-acc_SIX-VulnMgt-1606
252ce972fa41        demisto/python3:3.9.2.17246                               "python /tmp/pyrun..."   18 hours ago        Up 18 hours                             demistoserver_pyexec-f9ac6e68-4d78-4391-8d21-89fafefe1d04-demistopython33.9.2.17246-acc_SIX-VulnMgt-1605
b6344fbe1a6b        demisto/python3:3.10.12.63474                             "python /tmp/pyrun..."   19 hours ago        Up 19 hours                             demistoserver_pyexec-876e6d76-fa31-4711-8371-ad3870d8114a-demistopython33.10.12.63474-acc_SIX-VulnMgt-1589
ac639570a31e        demisto/python3:3.9.2.17246                               "python /tmp/pyrun..."   19 hours ago        Up 19 hours                             demistoserver_pyexec-67712965-d464-4ebf-8bc2-427097fedc83-demistopython33.9.2.17246-acc_SIX-VulnMgt-1556
52be55720e22        demisto/python3:3.9.2.17246                               "python /tmp/pyrun..."   19 hours ago        Up 19 hours                             demistoserver_pyexec-975ed145-a947-4cdf-83e0-5024026caec4-demistopython33.9.2.17246-acc_SIX-VulnMgt-1555
e92a8d37aa16        demisto/python3:3.9.2.17246                               "python /tmp/pyrun..."   19 hours ago        Up 19 hours                             demistoserver_pyexec-68103742-c4dd-42ac-86d9-09d1718b95a8-demistopython33.9.2.17246-acc_SIX-VulnMgt-1554
7391cf5cd570        demisto/python3:3.9.2.17246                               "python /tmp/pyrun..."   19 hours ago        Up 19 hours                             demistoserver_pyexec-d924d879-76ca-4872-8b30-e4ede3d10beb-demistopython33.9.2.17246-acc_SIX-VulnMgt-1552
f9e1c2b932e8        demisto/python3:3.9.2.17246                               "python /tmp/pyrun..."   19 hours ago        Up 19 hours                             demistoserver_pyexec-35ff890f-da72-4677-8a05-8c46e555c300-demistopython33.9.2.17246-acc_SIX-VulnMgt-1553
67f7419738ea        demisto/python3:3.9.6.22912                               "python /tmp/pyrun..."   23 hours ago        Up 23 hours                             demistoserver_pyexec-779f1391-ef0e-4332-82f8-5658cbf9f085-demistopython33.9.6.22912-acc_SIX-VulnMgt-1449
61b301856398        demisto/python3:3.10.12.63474                             "python /tmp/pyrun..."   24 hours ago        Up 24 hours                             demistoserver_pyexec-fec358be-f63b-4607-8ba1-d6d2ff9276cc-demistopython33.10.12.63474-acc_SIX-VulnMgt-1198
ff223ca5aaf1        demisto/python3:3.10.12.63474                             "python /tmp/pyrun..."   24 hours ago        Up 24 hours                             demistoserver_pyexec-da4054d4-590b-4ee0-83a7-d40973c750d3-demistopython33.10.12.63474-acc_SIX-VulnMgt-1197
f74ea9c8f5e3        artifactory.six-group.net/demisto/python3:3.10.4.31492    "python /tmp/pyrun..."   24 hours ago        Up 24 hours                             demistoserver_pyexec-58ce45e6-26b8-456c-83b1-c9a0fd046455-artifactory.six-group.netdemistopython33.10.4.31492-acc_SIX-VulnMgt-1187
3f2641464efc        demisto/python:1.3-alpine                                 "python /tmp/pyrun..."   24 hours ago        Up 24 hours                             demistoserver_pyexec-b7cc8b24-116d-416b-845f-13467b1049e5-demistopython1.3-alpine-acc_SIX-VulnMgt-1186
b57d3072a082        demisto/python:1.3-alpine                                 "python /tmp/pyrun..."   24 hours ago        Up 24 hours                             demistoserver_pyexec-99de5054-e197-4c02-8a30-945c2f2420ea-demistopython1.3-alpine-acc_SIX-VulnMgt-1185
cd6f4eeeeda8        demisto/pandas:1.0.0.26289                                "python /tmp/pyrun..."   24 hours ago        Up 24 hours                             demistoserver_pyexec-16545583-e622-42a2-857e-4a1370f82e1e-demistopandas1.0.0.26289-acc_SIX-VulnMgt-1178
949826f8c6f2        demisto/python3:3.10.10.49934                             "python /tmp/pyrun..."   24 hours ago        Up 24 hours                             demistoserver_pyexec-6274fdd4-4aff-4acc-8bdd-5b7a284ec9da-demistopython33.10.10.49934-acc_SIX-VulnMgt-1177
3a5b1c00c050        demisto/python3:3.10.9.42476                              "python /tmp/pyrun..."   24 hours ago        Up 24 hours                             demistoserver_pyexec-d77ea488-c42f-4c87-8454-1f0b656a5233-demistopython33.10.9.42476-acc_SIX-VulnMgt-1176
627a39bec392        demisto/python3:3.10.9.46032                              "python /tmp/pyrun..."   24 hours ago        Up 24 hours                             demistoserver_pyexec-3080011f-7aa1-4399-8387-c697139d0d72-demistopython33.10.9.46032-acc_SIX-VulnMgt-1173
85940cc704cf        demisto/python3:3.10.8.37753                              "python /tmp/pyrun..."   24 hours ago        Up 24 hours                             demistoserver_pyexec-a42f8f85-fb64-4cab-8cc2-eb4b4b560947-demistopython33.10.8.37753-acc_SIX-VulnMgt-1172
0b23ecc2cbe6        demisto/python:2.7.18.49010                               "python /tmp/pyrun..."   25 hours ago        Up 25 hours                             demistoserver_pyexec-e3069584-ea5f-4228-803c-231e408646f0-demistopython2.7.18.49010-acc_SIX-VulnMgt-1167
3b4fe18af847        demisto/python3:3.10.9.46807                              "python /tmp/pyrun..."   25 hours ago        Up 25 hours                             demistoserver_pyexec-ad2ae91e-bd44-4c06-8922-69e2625772d3-demistopython33.10.9.46807-acc_SIX-VulnMgt-1166
02a4c1d62cea        demisto/python3:3.10.12.63474                             "python /tmp/pyrun..."   25 hours ago        Up 25 hours                             demistoserver_pyexec-533c0dd8-00ad-4a43-8110-7d8efa703836-demistopython33.10.12.63474-acc_SIX-VulnMgt-1165
bc9b42daa44b        demisto/python3:3.10.7.33922                              "python /tmp/pyrun..."   26 hours ago        Up 26 hours                             demistoserver_pyexec-00aa0ce8-a14b-4b96-8ac0-6ab1cbcb450a-demistopython33.10.7.33922-acc_SIX-VulnMgt-1020
d1bf14c057cc        demisto/python3:3.10.7.33922                              "python /tmp/pyrun..."   26 hours ago        Up 26 hours                             demistoserver_pyexec-7acfe5a7-c135-4281-87bd-ac373819f21a-demistopython33.10.7.33922-acc_SIX-VulnMgt-1019
37022135d0ef        demisto/python3:3.10.7.33922                              "python /tmp/pyrun..."   26 hours ago        Up 26 hours                             demistoserver_pyexec-1d788122-dc8b-4c05-8882-5f1e1a48c183-demistopython33.10.7.33922-acc_SIX-VulnMgt-1018
7d4fa7a4c773        demisto/python3:3.10.7.33922                              "python /tmp/pyrun..."   26 hours ago        Up 26 hours                             demistoserver_pyexec-2428f837-3ce3-45e1-8f73-c07a543dc322-demistopython33.10.7.33922-acc_SIX-VulnMgt-1017
8e5043313d1f        demisto/python3:3.10.7.33922                              "python /tmp/pyrun..."   26 hours ago        Up 26 hours                             demistoserver_pyexec-0c643cd5-09fd-4a11-853b-d9d281b01504-demistopython33.10.7.33922-acc_SIX-VulnMgt-1015
f29fef879781        demisto/python3:3.10.7.33922                              "python /tmp/pyrun..."   26 hours ago        Up 26 hours                             demistoserver_pyexec-900b1f76-0be6-423c-83c9-4d38107d4abb-demistopython33.10.7.33922-acc_SIX-VulnMgt-1014
04d38ad5ba33        demisto/python3:3.10.7.33922                              "python /tmp/pyrun..."   26 hours ago        Up 26 hours                             demistoserver_pyexec-72ab29a7-0501-4ef7-858f-3b1cded0d87f-demistopython33.10.7.33922-acc_SIX-VulnMgt-1013
c91cd2282f79        demisto/python3:3.10.7.33922                              "python /tmp/pyrun..."   26 hours ago        Up 26 hours                             demistoserver_pyexec-a242bbd2-414b-46e8-8c6a-6205a06aa993-demistopython33.10.7.33922-acc_SIX-VulnMgt-1012
e4ac3bd8ad86        demisto/python3:3.10.6.33415                              "python /tmp/pyrun..."   26 hours ago        Up 26 hours                             demistoserver_pyexec-d5d3f00f-7a92-45ca-821a-82a7fc1cc344-demistopython33.10.6.33415-acc_SIX-VulnMgt-1
